# JRE version: OpenJDK Runtime Environment AdoptOpenJDK (15.0.1+9) (build 15.0.1+9)
# Java VM: OpenJDK 64-Bit Server VM AdoptOpenJDK (15.0.1+9, mixed mode, sharing, tiered, compressed oops, parallel gc, windows-amd64)
GC Precious Log:
 CPUs: 8 total, 8 available
 Memory: 16294M
 Large Page Support: Disabled
 NUMA Support: Disabled
 Compressed Oops: Enabled (32-bit)
 Heap Min Capacity: 100M
 Heap Initial Capacity: 100M
 Heap Max Capacity: 1G
 Pre-touch: Disabled
 Parallel Workers: 8
Heap:
 PSYoungGen      total 25600K, used 6729K [0x00000000eab00000, 0x00000000ec800000, 0x0000000100000000)
  eden space 22016K, 27% used [0x00000000eab00000,0x00000000eb0ce488,0x00000000ec080000)
  from space 3584K, 21% used [0x00000000ec280000,0x00000000ec344010,0x00000000ec600000)
  to   space 1536K, 0% used [0x00000000ec680000,0x00000000ec680000,0x00000000ec800000)
 ParOldGen       total 68608K, used 27357K [0x00000000c0000000, 0x00000000c4300000, 0x00000000eab00000)
  object space 68608K, 39% used [0x00000000c0000000,0x00000000c1ab75e8,0x00000000c4300000)
 Metaspace       used 50693K, capacity 52982K, committed 53120K, reserved 1095680K
  class space    used 6198K, capacity 6970K, committed 7040K, reserved 1048576K
GC Heap History (20 events):
Event: 2.587 GC heap before
{Heap before GC invocations=4 (full 1):
 PSYoungGen      total 29696K, used 4076K [0x00000000eab00000, 0x00000000ecc00000, 0x0000000100000000)
  eden space 25600K, 0% used [0x00000000eab00000,0x00000000eab00000,0x00000000ec400000)
  from space 4096K, 99% used [0x00000000ec400000,0x00000000ec7fb090,0x00000000ec800000)
  to   space 4096K, 0% used [0x00000000ec800000,0x00000000ec800000,0x00000000ecc00000)
 ParOldGen       total 68608K, used 4270K [0x00000000c0000000, 0x00000000c4300000, 0x00000000eab00000)
  object space 68608K, 6% used [0x00000000c0000000,0x00000000c042b828,0x00000000c4300000)
 Metaspace       used 20222K, capacity 21100K, committed 21248K, reserved 1069056K
  class space    used 1850K, capacity 2187K, committed 2304K, reserved 1048576K
}
Event: 2.608 GC heap after
{Heap after GC invocations=4 (full 1):
 PSYoungGen      total 29696K, used 0K [0x00000000eab00000, 0x00000000ecc00000, 0x0000000100000000)
  eden space 25600K, 0% used [0x00000000eab00000,0x00000000eab00000,0x00000000ec400000)
  from space 4096K, 0% used [0x00000000ec400000,0x00000000ec400000,0x00000000ec800000)
  to   space 4096K, 0% used [0x00000000ec800000,0x00000000ec800000,0x00000000ecc00000)
 ParOldGen       total 68608K, used 8094K [0x00000000c0000000, 0x00000000c4300000, 0x00000000eab00000)
  object space 68608K, 11% used [0x00000000c0000000,0x00000000c07e7b20,0x00000000c4300000)
 Metaspace       used 20222K, capacity 21100K, committed 21248K, reserved 1069056K
  class space    used 1850K, capacity 2187K, committed 2304K, reserved 1048576K
}
Event: 3.860 GC heap before
{Heap before GC invocations=5 (full 1):
 PSYoungGen      total 29696K, used 25600K [0x00000000eab00000, 0x00000000ecc00000, 0x0000000100000000)
  eden space 25600K, 100% used [0x00000000eab00000,0x00000000ec400000,0x00000000ec400000)
  from space 4096K, 0% used [0x00000000ec400000,0x00000000ec400000,0x00000000ec800000)
  to   space 4096K, 0% used [0x00000000ec800000,0x00000000ec800000,0x00000000ecc00000)
 ParOldGen       total 68608K, used 8094K [0x00000000c0000000, 0x00000000c4300000, 0x00000000eab00000)
  object space 68608K, 11% used [0x00000000c0000000,0x00000000c07e7b20,0x00000000c4300000)
 Metaspace       used 29002K, capacity 30855K, committed 31104K, reserved 1077248K
  class space    used 3005K, capacity 3686K, committed 3712K, reserved 1048576K
}
Event: 3.863 GC heap after
{Heap after GC invocations=5 (full 1):
 PSYoungGen      total 29696K, used 4069K [0x00000000eab00000, 0x00000000ecc00000, 0x0000000100000000)
  eden space 25600K, 0% used [0x00000000eab00000,0x00000000eab00000,0x00000000ec400000)
  from space 4096K, 99% used [0x00000000ec800000,0x00000000ecbf9660,0x00000000ecc00000)
  to   space 4096K, 0% used [0x00000000ec400000,0x00000000ec400000,0x00000000ec800000)
 ParOldGen       total 68608K, used 8102K [0x00000000c0000000, 0x00000000c4300000, 0x00000000eab00000)
  object space 68608K, 11% used [0x00000000c0000000,0x00000000c07e9b20,0x00000000c4300000)
 Metaspace       used 29002K, capacity 30855K, committed 31104K, reserved 1077248K
  class space    used 3005K, capacity 3686K, committed 3712K, reserved 1048576K
}
Event: 4.483 GC heap before
{Heap before GC invocations=6 (full 1):
 PSYoungGen      total 29696K, used 22263K [0x00000000eab00000, 0x00000000ecc00000, 0x0000000100000000)
  eden space 25600K, 71% used [0x00000000eab00000,0x00000000ebcc45f0,0x00000000ec400000)
  from space 4096K, 99% used [0x00000000ec800000,0x00000000ecbf9660,0x00000000ecc00000)
  to   space 4096K, 0% used [0x00000000ec400000,0x00000000ec400000,0x00000000ec800000)
 ParOldGen       total 68608K, used 8102K [0x00000000c0000000, 0x00000000c4300000, 0x00000000eab00000)
  object space 68608K, 11% used [0x00000000c0000000,0x00000000c07e9b20,0x00000000c4300000)
 Metaspace       used 33442K, capacity 35158K, committed 35328K, reserved 1081344K
  class space    used 3613K, capacity 4241K, committed 4352K, reserved 1048576K
}
Event: 4.488 GC heap after
{Heap after GC invocations=6 (full 1):
 PSYoungGen      total 29696K, used 4088K [0x00000000eab00000, 0x00000000ed200000, 0x0000000100000000)
  eden space 25600K, 0% used [0x00000000eab00000,0x00000000eab00000,0x00000000ec400000)
  from space 4096K, 99% used [0x00000000ec400000,0x00000000ec7fe1a0,0x00000000ec800000)
  to   space 7168K, 0% used [0x00000000ecb00000,0x00000000ecb00000,0x00000000ed200000)
 ParOldGen       total 68608K, used 10545K [0x00000000c0000000, 0x00000000c4300000, 0x00000000eab00000)
  object space 68608K, 15% used [0x00000000c0000000,0x00000000c0a4c480,0x00000000c4300000)
 Metaspace       used 33442K, capacity 35158K, committed 35328K, reserved 1081344K
  class space    used 3613K, capacity 4241K, committed 4352K, reserved 1048576K
}
Event: 4.488 GC heap before
{Heap before GC invocations=7 (full 2):
 PSYoungGen      total 29696K, used 4088K [0x00000000eab00000, 0x00000000ed200000, 0x0000000100000000)
  eden space 25600K, 0% used [0x00000000eab00000,0x00000000eab00000,0x00000000ec400000)
  from space 4096K, 99% used [0x00000000ec400000,0x00000000ec7fe1a0,0x00000000ec800000)
  to   space 7168K, 0% used [0x00000000ecb00000,0x00000000ecb00000,0x00000000ed200000)
 ParOldGen       total 68608K, used 10545K [0x00000000c0000000, 0x00000000c4300000, 0x00000000eab00000)
  object space 68608K, 15% used [0x00000000c0000000,0x00000000c0a4c480,0x00000000c4300000)
 Metaspace       used 33442K, capacity 35158K, committed 35328K, reserved 1081344K
  class space    used 3613K, capacity 4241K, committed 4352K, reserved 1048576K
}
Event: 4.518 GC heap after
{Heap after GC invocations=7 (full 2):
 PSYoungGen      total 29696K, used 0K [0x00000000eab00000, 0x00000000ed200000, 0x0000000100000000)
  eden space 25600K, 0% used [0x00000000eab00000,0x00000000eab00000,0x00000000ec400000)
  from space 4096K, 0% used [0x00000000ec400000,0x00000000ec400000,0x00000000ec800000)
  to   space 7168K, 0% used [0x00000000ecb00000,0x00000000ecb00000,0x00000000ed200000)
 ParOldGen       total 68608K, used 14443K [0x00000000c0000000, 0x00000000c4300000, 0x00000000eab00000)
  object space 68608K, 21% used [0x00000000c0000000,0x00000000c0e1ad20,0x00000000c4300000)
 Metaspace       used 33442K, capacity 35158K, committed 35328K, reserved 1081344K
  class space    used 3613K, capacity 4241K, committed 4352K, reserved 1048576K
}
Event: 4.904 GC heap before
{Heap before GC invocations=8 (full 2):
 PSYoungGen      total 29696K, used 25600K [0x00000000eab00000, 0x00000000ed200000, 0x0000000100000000)
  eden space 25600K, 100% used [0x00000000eab00000,0x00000000ec400000,0x00000000ec400000)
  from space 4096K, 0% used [0x00000000ec400000,0x00000000ec400000,0x00000000ec800000)
  to   space 7168K, 0% used [0x00000000ecb00000,0x00000000ecb00000,0x00000000ed200000)
 ParOldGen       total 68608K, used 14443K [0x00000000c0000000, 0x00000000c4300000, 0x00000000eab00000)
  object space 68608K, 21% used [0x00000000c0000000,0x00000000c0e1ad20,0x00000000c4300000)
 Metaspace       used 36983K, capacity 38820K, committed 39040K, reserved 1083392K
  class space    used 4062K, capacity 4676K, committed 4736K, reserved 1048576K
}
Event: 4.907 GC heap after
{Heap after GC invocations=8 (full 2):
 PSYoungGen      total 31232K, used 5741K [0x00000000eab00000, 0x00000000ed100000, 0x0000000100000000)
  eden space 25088K, 0% used [0x00000000eab00000,0x00000000eab00000,0x00000000ec380000)
  from space 6144K, 93% used [0x00000000ecb00000,0x00000000ed09b4b8,0x00000000ed100000)
  to   space 6144K, 0% used [0x00000000ec500000,0x00000000ec500000,0x00000000ecb00000)
 ParOldGen       total 68608K, used 14451K [0x00000000c0000000, 0x00000000c4300000, 0x00000000eab00000)
  object space 68608K, 21% used [0x00000000c0000000,0x00000000c0e1cd20,0x00000000c4300000)
 Metaspace       used 36983K, capacity 38820K, committed 39040K, reserved 1083392K
  class space    used 4062K, capacity 4676K, committed 4736K, reserved 1048576K
}
Event: 5.452 GC heap before
{Heap before GC invocations=9 (full 2):
 PSYoungGen      total 31232K, used 30829K [0x00000000eab00000, 0x00000000ed100000, 0x0000000100000000)
  eden space 25088K, 100% used [0x00000000eab00000,0x00000000ec380000,0x00000000ec380000)
  from space 6144K, 93% used [0x00000000ecb00000,0x00000000ed09b4b8,0x00000000ed100000)
  to   space 6144K, 0% used [0x00000000ec500000,0x00000000ec500000,0x00000000ecb00000)
 ParOldGen       total 68608K, used 14451K [0x00000000c0000000, 0x00000000c4300000, 0x00000000eab00000)
  object space 68608K, 21% used [0x00000000c0000000,0x00000000c0e1cd20,0x00000000c4300000)
 Metaspace       used 41495K, capacity 43581K, committed 43904K, reserved 1087488K
  class space    used 4662K, capacity 5395K, committed 5504K, reserved 1048576K
}
Event: 5.455 GC heap after
{Heap after GC invocations=9 (full 2):
 PSYoungGen      total 30720K, used 6134K [0x00000000eab00000, 0x00000000ed300000, 0x0000000100000000)
  eden space 24576K, 0% used [0x00000000eab00000,0x00000000eab00000,0x00000000ec300000)
  from space 6144K, 99% used [0x00000000ec500000,0x00000000ecafdb10,0x00000000ecb00000)
  to   space 8192K, 0% used [0x00000000ecb00000,0x00000000ecb00000,0x00000000ed300000)
 ParOldGen       total 68608K, used 15791K [0x00000000c0000000, 0x00000000c4300000, 0x00000000eab00000)
  object space 68608K, 23% used [0x00000000c0000000,0x00000000c0f6bd30,0x00000000c4300000)
 Metaspace       used 41495K, capacity 43581K, committed 43904K, reserved 1087488K
  class space    used 4662K, capacity 5395K, committed 5504K, reserved 1048576K
}
Event: 6.259 GC heap before
{Heap before GC invocations=10 (full 2):
 PSYoungGen      total 30720K, used 30710K [0x00000000eab00000, 0x00000000ed300000, 0x0000000100000000)
  eden space 24576K, 100% used [0x00000000eab00000,0x00000000ec300000,0x00000000ec300000)
  from space 6144K, 99% used [0x00000000ec500000,0x00000000ecafdb10,0x00000000ecb00000)
  to   space 8192K, 0% used [0x00000000ecb00000,0x00000000ecb00000,0x00000000ed300000)
 ParOldGen       total 68608K, used 15791K [0x00000000c0000000, 0x00000000c4300000, 0x00000000eab00000)
  object space 68608K, 23% used [0x00000000c0000000,0x00000000c0f6bd30,0x00000000c4300000)
 Metaspace       used 41603K, capacity 43645K, committed 43904K, reserved 1087488K
  class space    used 4662K, capacity 5395K, committed 5504K, reserved 1048576K
}
Event: 6.262 GC heap after
{Heap after GC invocations=10 (full 2):
 PSYoungGen      total 30208K, used 8185K [0x00000000eab00000, 0x00000000ed780000, 0x0000000100000000)
  eden space 22016K, 0% used [0x00000000eab00000,0x00000000eab00000,0x00000000ec080000)
  from space 8192K, 99% used [0x00000000ecb00000,0x00000000ed2fe4a0,0x00000000ed300000)
  to   space 10752K, 0% used [0x00000000ec080000,0x00000000ec080000,0x00000000ecb00000)
 ParOldGen       total 68608K, used 17693K [0x00000000c0000000, 0x00000000c4300000, 0x00000000eab00000)
  object space 68608K, 25% used [0x00000000c0000000,0x00000000c1147400,0x00000000c4300000)
 Metaspace       used 41603K, capacity 43645K, committed 43904K, reserved 1087488K
  class space    used 4662K, capacity 5395K, committed 5504K, reserved 1048576K
}
Event: 6.645 GC heap before
{Heap before GC invocations=11 (full 2):
 PSYoungGen      total 30208K, used 30201K [0x00000000eab00000, 0x00000000ed780000, 0x0000000100000000)
  eden space 22016K, 100% used [0x00000000eab00000,0x00000000ec080000,0x00000000ec080000)
  from space 8192K, 99% used [0x00000000ecb00000,0x00000000ed2fe4a0,0x00000000ed300000)
  to   space 10752K, 0% used [0x00000000ec080000,0x00000000ec080000,0x00000000ecb00000)
 ParOldGen       total 68608K, used 17693K [0x00000000c0000000, 0x00000000c4300000, 0x00000000eab00000)
  object space 68608K, 25% used [0x00000000c0000000,0x00000000c1147400,0x00000000c4300000)
 Metaspace       used 45229K, capacity 47432K, committed 47616K, reserved 1091584K
  class space    used 5267K, capacity 6058K, committed 6144K, reserved 1048576K
}
Event: 6.649 GC heap after
{Heap after GC invocations=11 (full 2):
 PSYoungGen      total 27136K, used 4978K [0x00000000eab00000, 0x00000000ece80000, 0x0000000100000000)
  eden space 22016K, 0% used [0x00000000eab00000,0x00000000eab00000,0x00000000ec080000)
  from space 5120K, 97% used [0x00000000ec080000,0x00000000ec55c998,0x00000000ec580000)
  to   space 7168K, 0% used [0x00000000ec780000,0x00000000ec780000,0x00000000ece80000)
 ParOldGen       total 68608K, used 22674K [0x00000000c0000000, 0x00000000c4300000, 0x00000000eab00000)
  object space 68608K, 33% used [0x00000000c0000000,0x00000000c1624bb8,0x00000000c4300000)
 Metaspace       used 45229K, capacity 47432K, committed 47616K, reserved 1091584K
  class space    used 5267K, capacity 6058K, committed 6144K, reserved 1048576K
}
Event: 6.921 GC heap before
{Heap before GC invocations=12 (full 2):
 PSYoungGen      total 27136K, used 26994K [0x00000000eab00000, 0x00000000ece80000, 0x0000000100000000)
  eden space 22016K, 100% used [0x00000000eab00000,0x00000000ec080000,0x00000000ec080000)
  from space 5120K, 97% used [0x00000000ec080000,0x00000000ec55c998,0x00000000ec580000)
  to   space 7168K, 0% used [0x00000000ec780000,0x00000000ec780000,0x00000000ece80000)
 ParOldGen       total 68608K, used 22674K [0x00000000c0000000, 0x00000000c4300000, 0x00000000eab00000)
  object space 68608K, 33% used [0x00000000c0000000,0x00000000c1624bb8,0x00000000c4300000)
 Metaspace       used 47861K, capacity 50056K, committed 50304K, reserved 1093632K
  class space    used 5740K, capacity 6506K, committed 6528K, reserved 1048576K
}
Event: 6.924 GC heap after
{Heap after GC invocations=12 (full 2):
 PSYoungGen      total 24064K, used 2004K [0x00000000eab00000, 0x00000000ec980000, 0x0000000100000000)
  eden space 22016K, 0% used [0x00000000eab00000,0x00000000eab00000,0x00000000ec080000)
  from space 2048K, 97% used [0x00000000ec780000,0x00000000ec9753c8,0x00000000ec980000)
  to   space 3584K, 0% used [0x00000000ec280000,0x00000000ec280000,0x00000000ec600000)
 ParOldGen       total 68608K, used 25857K [0x00000000c0000000, 0x00000000c4300000, 0x00000000eab00000)
  object space 68608K, 37% used [0x00000000c0000000,0x00000000c1940758,0x00000000c4300000)
 Metaspace       used 47861K, capacity 50056K, committed 50304K, reserved 1093632K
  class space    used 5740K, capacity 6506K, committed 6528K, reserved 1048576K
}
Event: 8.457 GC heap before
{Heap before GC invocations=13 (full 2):
 PSYoungGen      total 24064K, used 24020K [0x00000000eab00000, 0x00000000ec980000, 0x0000000100000000)
  eden space 22016K, 100% used [0x00000000eab00000,0x00000000ec080000,0x00000000ec080000)
  from space 2048K, 97% used [0x00000000ec780000,0x00000000ec9753c8,0x00000000ec980000)
  to   space 3584K, 0% used [0x00000000ec280000,0x00000000ec280000,0x00000000ec600000)
 ParOldGen       total 68608K, used 25857K [0x00000000c0000000, 0x00000000c4300000, 0x00000000eab00000)
  object space 68608K, 37% used [0x00000000c0000000,0x00000000c1940758,0x00000000c4300000)
 Metaspace       used 49852K, capacity 52136K, committed 52224K, reserved 1095680K
  class space    used 6105K, capacity 6906K, committed 6912K, reserved 1048576K
}
Event: 8.460 GC heap after
{Heap after GC invocations=13 (full 2):
 PSYoungGen      total 25600K, used 784K [0x00000000eab00000, 0x00000000ec800000, 0x0000000100000000)
  eden space 22016K, 0% used [0x00000000eab00000,0x00000000eab00000,0x00000000ec080000)
  from space 3584K, 21% used [0x00000000ec280000,0x00000000ec344010,0x00000000ec600000)
  to   space 1536K, 0% used [0x00000000ec680000,0x00000000ec680000,0x00000000ec800000)
 ParOldGen       total 68608K, used 27357K [0x00000000c0000000, 0x00000000c4300000, 0x00000000eab00000)
  object space 68608K, 39% used [0x00000000c0000000,0x00000000c1ab75e8,0x00000000c4300000)
 Metaspace       used 49852K, capacity 52136K, committed 52224K, reserved 1095680K
  class space    used 6105K, capacity 6906K, committed 6912K, reserved 1048576K
}

